<?xml version="1.0" encoding="UTF-8"?>
<testsuite name="FactorialTest" tests="3" skipped="0" failures="0" errors="0" timestamp="2022-07-16T09:57:40" hostname="SANDY" time="0.017">
  <properties/>
  <testcase name="shouldReturnOneIfOneIsPassed()" classname="FactorialTest" time="0.015"/>
  <testcase name="shouldReturnOneFfZeroIsPassed()" classname="FactorialTest" time="0.001"/>
  <testcase name="shouldReturnOneHundredAndTwentyIfFiveIsPassed()" classname="FactorialTest" time="0.0"/>
  <system-out><![CDATA[]]></system-out>
  <system-err><![CDATA[]]></system-err>
</testsuite>
